<?xml version="1.0" encoding="UTF-8"?>
<testsuite name="com.example.boardproject.BoardProjectApplicationTests" tests="2" skipped="0" failures="0" errors="0" timestamp="2023-12-14T17:24:27" hostname="MUNGSIL" time="0.488">
  <properties/>
  <testcase name="adminInsertTest()" classname="com.example.boardproject.BoardProjectApplicationTests" time="0.482"/>
  <testcase name="contextLoads()" classname="com.example.boardproject.BoardProjectApplicationTests" time="0.004"/>
  <system-out><![CDATA[2023-12-15T02:24:27.576+09:00  INFO 2752 --- [    Test worker] t.c.s.AnnotationConfigContextLoaderUtils : Could not detect default configuration classes for test class [com.example.boardproject.BoardProjectApplicationTests]: BoardProjectApplicationTests does not declare any static, non-private, non-final, nested classes annotated with @Configuration.
2023-12-15T02:24:27.578+09:00  INFO 2752 --- [    Test worker] .b.t.c.SpringBootTestContextBootstrapper : Found @SpringBootConfiguration com.example.boardproject.BoardProjectApplication for test class com.example.boardproject.BoardProjectApplicationTests
Hibernate: 
    insert 
    into
        member
        (created_date, email, member_id, modified_date, nickname, password, role) 
    values
        (?, ?, ?, ?, ?, ?, ?)
===>test access
]]></system-out>
  <system-err><![CDATA[]]></system-err>
</testsuite>
